Using pre-set license
Built from '2022.3/staging' branch; Version is '2022.3.1f1 (f18e0c1b5784) revision 15830540'; Using compiler version '192829333'; Build Type 'Release'
OS: 'Windows 11  (10.0.22621) 64bit Professional' Language: 'ja' Physical Memory: 32477 MB
BatchMode: 1, IsHumanControllingUs: 0, StartBugReporterOnCrash: 0, Is64bit: 1, IsPro: 1

COMMAND LINE ARGUMENTS:
C:\Program Files\Unity\Hub\Editor\2022.3.1f1\Editor\Unity.exe
-adb2
-batchMode
-noUpm
-name
AssetImportWorker0
-projectPath
D:/Develope/School.git/School/Unity/3D_class
-logFile
Logs/AssetImportWorker0.log
-srvPort
58002
Successfully changed project path to: D:/Develope/School.git/School/Unity/3D_class
D:/Develope/School.git/School/Unity/3D_class
[UnityMemory] Configuration Parameters - Can be set up in boot.config
    "memorysetup-bucket-allocator-granularity=16"
    "memorysetup-bucket-allocator-bucket-count=8"
    "memorysetup-bucket-allocator-block-size=33554432"
    "memorysetup-bucket-allocator-block-count=8"
    "memorysetup-main-allocator-block-size=16777216"
    "memorysetup-thread-allocator-block-size=16777216"
    "memorysetup-gfx-main-allocator-block-size=16777216"
    "memorysetup-gfx-thread-allocator-block-size=16777216"
    "memorysetup-cache-allocator-block-size=4194304"
    "memorysetup-typetree-allocator-block-size=2097152"
    "memorysetup-profiler-bucket-allocator-granularity=16"
    "memorysetup-profiler-bucket-allocator-bucket-count=8"
    "memorysetup-profiler-bucket-allocator-block-size=33554432"
    "memorysetup-profiler-bucket-allocator-block-count=8"
    "memorysetup-profiler-allocator-block-size=16777216"
    "memorysetup-profiler-editor-allocator-block-size=1048576"
    "memorysetup-temp-allocator-size-main=16777216"
    "memorysetup-job-temp-allocator-block-size=2097152"
    "memorysetup-job-temp-allocator-block-size-background=1048576"
    "memorysetup-job-temp-allocator-reduction-small-platforms=262144"
    "memorysetup-allocator-temp-initial-block-size-main=262144"
    "memorysetup-allocator-temp-initial-block-size-worker=262144"
    "memorysetup-temp-allocator-size-background-worker=32768"
    "memorysetup-temp-allocator-size-job-worker=262144"
    "memorysetup-temp-allocator-size-preload-manager=33554432"
    "memorysetup-temp-allocator-size-nav-mesh-worker=65536"
    "memorysetup-temp-allocator-size-audio-worker=65536"
    "memorysetup-temp-allocator-size-cloud-worker=32768"
    "memorysetup-temp-allocator-size-gi-baking-worker=262144"
    "memorysetup-temp-allocator-size-gfx=262144"
Player connection [41672] Host "[IP] 172.24.3.133 [Port] 0 [Flags] 2 [Guid] 810447692 [EditorId] 810447692 [Version] 1048832 [Id] WindowsEditor(7,NOTE-KaRU3) [Debug] 1 [PackageName] WindowsEditor [ProjectName] Editor" joined multi-casting on [225.0.0.222:54997]...

Player connection [41672] Host "[IP] 172.24.3.133 [Port] 0 [Flags] 2 [Guid] 810447692 [EditorId] 810447692 [Version] 1048832 [Id] WindowsEditor(7,NOTE-KaRU3) [Debug] 1 [PackageName] WindowsEditor [ProjectName] Editor" joined alternative multi-casting on [225.0.0.222:34997]...

Refreshing native plugins compatible for Editor in 3.54 ms, found 3 plugins.
Preloading 0 native plugins for Editor in 0.00 ms.
Initialize engine version: 2022.3.1f1 (f18e0c1b5784)
[Subsystems] Discovering subsystems at path C:/Program Files/Unity/Hub/Editor/2022.3.1f1/Editor/Data/Resources/UnitySubsystems
[Subsystems] Discovering subsystems at path D:/Develope/School.git/School/Unity/3D_class/Assets
GfxDevice: creating device client; threaded=0; jobified=0
Direct3D:
    Version:  Direct3D 11.0 [level 11.1]
    Renderer: NVIDIA GeForce RTX 3050 Laptop GPU (ID=0x25a2)
    Vendor:   NVIDIA
    VRAM:     3977 MB
    Driver:   31.0.15.3742
Initialize mono
Mono path[0] = 'C:/Program Files/Unity/Hub/Editor/2022.3.1f1/Editor/Data/Managed'
Mono path[1] = 'C:/Program Files/Unity/Hub/Editor/2022.3.1f1/Editor/Data/MonoBleedingEdge/lib/mono/unityjit-win32'
Mono config path = 'C:/Program Files/Unity/Hub/Editor/2022.3.1f1/Editor/Data/MonoBleedingEdge/etc'
Using monoOptions --debugger-agent=transport=dt_socket,embedding=1,server=y,suspend=n,address=127.0.0.1:56988
Begin MonoManager ReloadAssembly
Registering precompiled unity dll's ...
Register platform support module: C:/Program Files/Unity/Hub/Editor/2022.3.1f1/Editor/Data/PlaybackEngines/WebGLSupport/UnityEditor.WebGL.Extensions.dll
Register platform support module: C:/Program Files/Unity/Hub/Editor/2022.3.1f1/Editor/Data/PlaybackEngines/MacStandaloneSupport/UnityEditor.OSXStandalone.Extensions.dll
Register platform support module: C:/Program Files/Unity/Hub/Editor/2022.3.1f1/Editor/Data/PlaybackEngines/AndroidPlayer/UnityEditor.Android.Extensions.dll
Register platform support module: C:/Program Files/Unity/Hub/Editor/2022.3.1f1/Editor/Data/PlaybackEngines/iOSSupport/UnityEditor.iOS.Extensions.dll
Register platform support module: C:/Program Files/Unity/Hub/Editor/2022.3.1f1/Editor/Data/PlaybackEngines/AppleTVSupport/UnityEditor.AppleTV.Extensions.dll
Register platform support module: C:/Program Files/Unity/Hub/Editor/2022.3.1f1/Editor/Data/PlaybackEngines/WindowsStandaloneSupport/UnityEditor.WindowsStandalone.Extensions.dll
Register platform support module: C:/Program Files/Unity/Hub/Editor/2022.3.1f1/Editor/Data/PlaybackEngines/LinuxStandaloneSupport/UnityEditor.LinuxStandalone.Extensions.dll
Register platform support module: C:/Program Files/Unity/Hub/Editor/2022.3.1f1/Editor/Data/PlaybackEngines/MetroSupport/UnityEditor.UWP.Extensions.dll
Registered in 0.013406 seconds.
- Loaded All Assemblies, in  0.291 seconds
Native extension for UWP target not found
Native extension for LinuxStandalone target not found
Native extension for WindowsStandalone target not found
[usbmuxd] Start listen thread
[usbmuxd] Listen thread started
Native extension for AppleTV target not found
[usbmuxd] Start listen thread
[usbmuxd] Listen thread started
Native extension for iOS target not found
Native extension for Android target not found
Android Extension - Scanning For ADB Devices 280 ms
Native extension for OSXStandalone target not found
Native extension for WebGL target not found
Mono: successfully reloaded assembly
- Finished resetting the current domain, in  0.543 seconds
Domain Reload Profiling: 832ms
	BeginReloadAssembly (88ms)
		ExecutionOrderSort (0ms)
		DisableScriptedObjects (0ms)
		BackupInstance (0ms)
		ReleaseScriptingObjects (0ms)
		CreateAndSetChildDomain (1ms)
	RebuildCommonClasses (29ms)
	RebuildNativeTypeToScriptingClass (7ms)
	initialDomainReloadingComplete (53ms)
	LoadAllAssembliesAndSetupDomain (111ms)
		LoadAssemblies (87ms)
		RebuildTransferFunctionScriptingTraits (0ms)
		AnalyzeDomain (106ms)
			TypeCache.Refresh (105ms)
				TypeCache.ScanAssembly (96ms)
			ScanForSourceGeneratedMonoScriptInfo (0ms)
			ResolveRequiredComponents (1ms)
	FinalizeReload (543ms)
		ReleaseScriptCaches (0ms)
		RebuildScriptCaches (0ms)
		SetupLoadedEditorAssemblies (496ms)
			LogAssemblyErrors (0ms)
			InitializePlatformSupportModulesInManaged (389ms)
			SetLoadedEditorAssemblies (3ms)
			RefreshPlugins (0ms)
			BeforeProcessingInitializeOnLoad (2ms)
			ProcessInitializeOnLoadAttributes (69ms)
			ProcessInitializeOnLoadMethodAttributes (33ms)
			AfterProcessingInitializeOnLoad (0ms)
			EditorAssembliesLoaded (0ms)
		ExecutionOrderSort2 (0ms)
		AwakeInstancesAfterBackupRestoration (0ms)
========================================================================
Worker process is ready to serve import requests
Begin MonoManager ReloadAssembly
Symbol file LoadedFromMemory doesn't match image D:\Develope\School.git\School\Unity\3D_class\Library\PackageCache\com.unity.visualscripting@1.8.0\Editor\VisualScripting.Core\Dependencies\YamlDotNet\Unity.VisualScripting.YamlDotNet.dll
Symbol file LoadedFromMemory doesn't match image D:\Develope\School.git\School\Unity\3D_class\Library\PackageCache\com.unity.visualscripting@1.8.0\Editor\VisualScripting.Core\Dependencies\DotNetZip\Unity.VisualScripting.IonicZip.dll
- Loaded All Assemblies, in  0.525 seconds
Refreshing native plugins compatible for Editor in 1.07 ms, found 3 plugins.
Native extension for UWP target not found
Native extension for LinuxStandalone target not found
Native extension for WindowsStandalone target not found
Native extension for AppleTV target not found
Native extension for iOS target not found
Native extension for Android target not found
Native extension for OSXStandalone target not found
Native extension for WebGL target not found
Mono: successfully reloaded assembly
- Finished resetting the current domain, in  0.365 seconds
Domain Reload Profiling: 889ms
	BeginReloadAssembly (100ms)
		ExecutionOrderSort (0ms)
		DisableScriptedObjects (4ms)
		BackupInstance (0ms)
		ReleaseScriptingObjects (0ms)
		CreateAndSetChildDomain (16ms)
	RebuildCommonClasses (24ms)
	RebuildNativeTypeToScriptingClass (7ms)
	initialDomainReloadingComplete (29ms)
	LoadAllAssembliesAndSetupDomain (363ms)
		LoadAssemblies (196ms)
		RebuildTransferFunctionScriptingTraits (0ms)
		AnalyzeDomain (209ms)
			TypeCache.Refresh (195ms)
				TypeCache.ScanAssembly (185ms)
			ScanForSourceGeneratedMonoScriptInfo (11ms)
			ResolveRequiredComponents (3ms)
	FinalizeReload (365ms)
		ReleaseScriptCaches (0ms)
		RebuildScriptCaches (0ms)
		SetupLoadedEditorAssemblies (262ms)
			LogAssemblyErrors (0ms)
			InitializePlatformSupportModulesInManaged (36ms)
			SetLoadedEditorAssemblies (2ms)
			RefreshPlugins (0ms)
			BeforeProcessingInitializeOnLoad (40ms)
			ProcessInitializeOnLoadAttributes (163ms)
			ProcessInitializeOnLoadMethodAttributes (15ms)
			AfterProcessingInitializeOnLoad (6ms)
			EditorAssembliesLoaded (0ms)
		ExecutionOrderSort2 (0ms)
		AwakeInstancesAfterBackupRestoration (5ms)
Launched and connected shader compiler UnityShaderCompiler.exe after 0.04 seconds
Refreshing native plugins compatible for Editor in 0.98 ms, found 3 plugins.
Preloading 0 native plugins for Editor in 0.00 ms.
Unloading 3074 Unused Serialized files (Serialized files now loaded: 0)
Unloading 31 unused Assets / (56.3 KB). Loaded Objects now: 3541.
Memory consumption went from 122.2 MB to 122.2 MB.
Total: 5.688500 ms (FindLiveObjects: 0.335200 ms CreateObjectMapping: 0.107700 ms MarkObjects: 5.045300 ms  DeleteObjects: 0.198300 ms)

AssetImportParameters requested are different than current active one (requested -> active):
  custom:container-demuxer-ogg: 62fdf1f143b41e24485cea50d1cbac27 -> 
  custom:video-decoder-ogg-theora: a1e56fd34408186e4bbccfd4996cb3dc -> 
  custom:framework-win-MediaFoundation: 216162199b28c13a410421893ffa2e32 -> 
  custom:container-demuxer-webm: 4f35f7cbe854078d1ac9338744f61a02 -> 
  custom:container-muxer-webm: aa71ff27fc2769a1b78a27578f13a17b -> 
  custom:video-decoder-webm-vp8: 9c59270c3fd7afecdb556c50c9e8de78 -> 
  custom:AudioImporter_EditorPlatform: d09bf68614088b80899f8185d706f6e7 -> 
  custom:video-encoder-webm-vp8: eb34c28f22e8b96e1ab97ce403110664 -> 
  custom:audio-decoder-ogg-vorbis: bf7c407c2cedff20999df2af8eb42d56 -> 
  custom:audio-encoder-webm-vorbis: bf7c407c2cedff20999df2af8eb42d56 -> 
========================================================================
Received Import Request.
  Time since last request: 1182461.708984 seconds.
  path: Assets/Materials
  artifactKey: Guid(4fedee8e8ade1374a9475b64ee8b9c19) Importer(815301076,1909f56bfc062723c751e8b465ee728b)
Start importing Assets/Materials using Guid(4fedee8e8ade1374a9475b64ee8b9c19) Importer(815301076,1909f56bfc062723c751e8b465ee728b)  -> (artifact id: '04756f365069576cf9109d73cee7499d') in 0.004727 seconds
Number of updated asset objects reloaded before import = 0
Number of asset objects unloaded after import = 0
========================================================================
Received Import Request.
  Time since last request: 15.146682 seconds.
  path: Assets/Materials/GoundColor.mat
  artifactKey: Guid(24f7b66201fcea64ab0db3db1b9ed66d) Importer(815301076,1909f56bfc062723c751e8b465ee728b)
Start importing Assets/Materials/GoundColor.mat using Guid(24f7b66201fcea64ab0db3db1b9ed66d) Importer(815301076,1909f56bfc062723c751e8b465ee728b)  -> (artifact id: 'd20258964d5f731c5261a792f4c475a8') in 0.371626 seconds
Number of updated asset objects reloaded before import = 0
Number of asset objects unloaded after import = 1
========================================================================
Received Import Request.
  Time since last request: 37.258796 seconds.
  path: Assets/Materials/GoundColor.mat
  artifactKey: Guid(24f7b66201fcea64ab0db3db1b9ed66d) Importer(815301076,1909f56bfc062723c751e8b465ee728b)
Start importing Assets/Materials/GoundColor.mat using Guid(24f7b66201fcea64ab0db3db1b9ed66d) Importer(815301076,1909f56bfc062723c751e8b465ee728b)  -> (artifact id: '6bdea99f7a565cafa4ad82a9ff5148cb') in 0.031072 seconds
Number of updated asset objects reloaded before import = 0
Number of asset objects unloaded after import = 1
========================================================================
Received Import Request.
  Time since last request: 1859.388088 seconds.
  path: Assets/New Script Graph.asset
  artifactKey: Guid(ec74643d887e4934e87046108d7273cb) Importer(815301076,1909f56bfc062723c751e8b465ee728b)
Start importing Assets/New Script Graph.asset using Guid(ec74643d887e4934e87046108d7273cb) Importer(815301076,1909f56bfc062723c751e8b465ee728b)  -> (artifact id: 'd827aadd548240e7d63224c80d5c8680') in 0.163033 seconds
Number of updated asset objects reloaded before import = 0
Number of asset objects unloaded after import = 1
========================================================================
Received Import Request.
  Time since last request: 56.859317 seconds.
  path: Assets/Unity.VisualScripting.Generated
  artifactKey: Guid(817756ed32eb90246a06fe033bd2f180) Importer(815301076,1909f56bfc062723c751e8b465ee728b)
Start importing Assets/Unity.VisualScripting.Generated using Guid(817756ed32eb90246a06fe033bd2f180) Importer(815301076,1909f56bfc062723c751e8b465ee728b)  -> (artifact id: '3ff49f4cbdbd698d783fb6962c7005fb') in 0.000647 seconds
Number of updated asset objects reloaded before import = 0
Number of asset objects unloaded after import = 0
========================================================================
Received Import Request.
  Time since last request: 462.409068 seconds.
  path: Assets/Prefab
  artifactKey: Guid(62f0dc4ef2491894ca5d93ad2c4d1311) Importer(815301076,1909f56bfc062723c751e8b465ee728b)
Start importing Assets/Prefab using Guid(62f0dc4ef2491894ca5d93ad2c4d1311) Importer(815301076,1909f56bfc062723c751e8b465ee728b)  -> (artifact id: 'e281fe9257f27a7e1fda321b634410cf') in 0.001178 seconds
Number of updated asset objects reloaded before import = 0
Number of asset objects unloaded after import = 0
========================================================================
Received Import Request.
  Time since last request: 7.146511 seconds.
  path: Assets/Prefab/World
  artifactKey: Guid(c01c26d174403c24596d131e0862e3f4) Importer(815301076,1909f56bfc062723c751e8b465ee728b)
Start importing Assets/Prefab/World using Guid(c01c26d174403c24596d131e0862e3f4) Importer(815301076,1909f56bfc062723c751e8b465ee728b)  -> (artifact id: 'a3904a78bcf9c5d992e3c5b372060066') in 0.000447 seconds
Number of updated asset objects reloaded before import = 0
Number of asset objects unloaded after import = 0
========================================================================
Received Import Request.
  Time since last request: 7.096306 seconds.
  path: Assets/Prefab/World/Object
  artifactKey: Guid(c2124179bee6cc04dae83a310b0902f5) Importer(815301076,1909f56bfc062723c751e8b465ee728b)
Start importing Assets/Prefab/World/Object using Guid(c2124179bee6cc04dae83a310b0902f5) Importer(815301076,1909f56bfc062723c751e8b465ee728b)  -> (artifact id: 'be4a989c9f8f5a635b1bf5e4c688b789') in 0.000435 seconds
Number of updated asset objects reloaded before import = 0
Number of asset objects unloaded after import = 0
========================================================================
Received Import Request.
  Time since last request: 4.430640 seconds.
  path: Assets/Prefab/World/Object/Wall.prefab
  artifactKey: Guid(6ecdc0883e8297949b9dc12663c68ac5) Importer(815301076,1909f56bfc062723c751e8b465ee728b)
Start importing Assets/Prefab/World/Object/Wall.prefab using Guid(6ecdc0883e8297949b9dc12663c68ac5) Importer(815301076,1909f56bfc062723c751e8b465ee728b)  -> (artifact id: '06c109738a343a5e8491aea303d853d1') in 0.008838 seconds
Number of updated asset objects reloaded before import = 0
Number of asset objects unloaded after import = 4
========================================================================
Received Import Request.
  Time since last request: 6.793852 seconds.
  path: Assets/Prefab/World/Object/Wall.prefab
  artifactKey: Guid(6ecdc0883e8297949b9dc12663c68ac5) Importer(815301076,1909f56bfc062723c751e8b465ee728b)
Start importing Assets/Prefab/World/Object/Wall.prefab using Guid(6ecdc0883e8297949b9dc12663c68ac5) Importer(815301076,1909f56bfc062723c751e8b465ee728b)  -> (artifact id: '66e08e3782dda407f0b32b5ac830e056') in 0.002018 seconds
Number of updated asset objects reloaded before import = 0
Number of asset objects unloaded after import = 4
========================================================================
Received Import Request.
  Time since last request: 6.655334 seconds.
  path: Assets/Prefab/World/Object/Wall.prefab
  artifactKey: Guid(6ecdc0883e8297949b9dc12663c68ac5) Importer(815301076,1909f56bfc062723c751e8b465ee728b)
Start importing Assets/Prefab/World/Object/Wall.prefab using Guid(6ecdc0883e8297949b9dc12663c68ac5) Importer(815301076,1909f56bfc062723c751e8b465ee728b)  -> (artifact id: '824792c56297e855f62c1455507a6b41') in 0.001393 seconds
Number of updated asset objects reloaded before import = 0
Number of asset objects unloaded after import = 6
========================================================================
Received Import Request.
  Time since last request: 10.611292 seconds.
  path: Assets/Prefab/World/Object/Wall.prefab
  artifactKey: Guid(6ecdc0883e8297949b9dc12663c68ac5) Importer(815301076,1909f56bfc062723c751e8b465ee728b)
Start importing Assets/Prefab/World/Object/Wall.prefab using Guid(6ecdc0883e8297949b9dc12663c68ac5) Importer(815301076,1909f56bfc062723c751e8b465ee728b)  -> (artifact id: '66bdc68023a674375d1788866a75d144') in 0.028649 seconds
Number of updated asset objects reloaded before import = 0
Number of asset objects unloaded after import = 11
========================================================================
Received Import Request.
  Time since last request: 17.741700 seconds.
  path: Assets/Prefab/World/Object/Wall.prefab
  artifactKey: Guid(6ecdc0883e8297949b9dc12663c68ac5) Importer(815301076,1909f56bfc062723c751e8b465ee728b)
Start importing Assets/Prefab/World/Object/Wall.prefab using Guid(6ecdc0883e8297949b9dc12663c68ac5) Importer(815301076,1909f56bfc062723c751e8b465ee728b)  -> (artifact id: 'c02967491703af6de62037e3b45f67ab') in 0.006268 seconds
Number of updated asset objects reloaded before import = 0
Number of asset objects unloaded after import = 11
========================================================================
Received Import Request.
  Time since last request: 11.484677 seconds.
  path: Assets/Prefab/World/Object/Wall.prefab
  artifactKey: Guid(6ecdc0883e8297949b9dc12663c68ac5) Importer(815301076,1909f56bfc062723c751e8b465ee728b)
Start importing Assets/Prefab/World/Object/Wall.prefab using Guid(6ecdc0883e8297949b9dc12663c68ac5) Importer(815301076,1909f56bfc062723c751e8b465ee728b)  -> (artifact id: 'b2d81769dc9ad5b266377f14055ae1f0') in 0.007891 seconds
Number of updated asset objects reloaded before import = 0
Number of asset objects unloaded after import = 11
========================================================================
Received Import Request.
  Time since last request: 17.717068 seconds.
  path: Assets/Prefab/World/Object/Wall.prefab
  artifactKey: Guid(6ecdc0883e8297949b9dc12663c68ac5) Importer(815301076,1909f56bfc062723c751e8b465ee728b)
Start importing Assets/Prefab/World/Object/Wall.prefab using Guid(6ecdc0883e8297949b9dc12663c68ac5) Importer(815301076,1909f56bfc062723c751e8b465ee728b)  -> (artifact id: 'ca11099a87caa08f3a09d06a44efd5c6') in 0.020058 seconds
Number of updated asset objects reloaded before import = 0
Number of asset objects unloaded after import = 11
========================================================================
Received Import Request.
  Time since last request: 6.652317 seconds.
  path: Assets/Prefab/World/Object/Wall.prefab
  artifactKey: Guid(6ecdc0883e8297949b9dc12663c68ac5) Importer(815301076,1909f56bfc062723c751e8b465ee728b)
Start importing Assets/Prefab/World/Object/Wall.prefab using Guid(6ecdc0883e8297949b9dc12663c68ac5) Importer(815301076,1909f56bfc062723c751e8b465ee728b)  -> (artifact id: 'eb1ed56026048b1227f1bd82201ceda4') in 0.008757 seconds
Number of updated asset objects reloaded before import = 0
Number of asset objects unloaded after import = 11
========================================================================
Received Import Request.
  Time since last request: 3.432435 seconds.
  path: Assets/Prefab/World/Object/Wall.prefab
  artifactKey: Guid(6ecdc0883e8297949b9dc12663c68ac5) Importer(815301076,1909f56bfc062723c751e8b465ee728b)
Start importing Assets/Prefab/World/Object/Wall.prefab using Guid(6ecdc0883e8297949b9dc12663c68ac5) Importer(815301076,1909f56bfc062723c751e8b465ee728b)  -> (artifact id: 'a017cdbf5d39ddff03b1818ffdecd71e') in 0.010134 seconds
Number of updated asset objects reloaded before import = 0
Number of asset objects unloaded after import = 11
========================================================================
Received Import Request.
  Time since last request: 13.504560 seconds.
  path: Assets/Prefab/World/Object/Wall.prefab
  artifactKey: Guid(6ecdc0883e8297949b9dc12663c68ac5) Importer(815301076,1909f56bfc062723c751e8b465ee728b)
Start importing Assets/Prefab/World/Object/Wall.prefab using Guid(6ecdc0883e8297949b9dc12663c68ac5) Importer(815301076,1909f56bfc062723c751e8b465ee728b)  -> (artifact id: '8d8e6aeee991dc442445908d42054022') in 0.020900 seconds
Number of updated asset objects reloaded before import = 0
Number of asset objects unloaded after import = 11
========================================================================
Received Import Request.
  Time since last request: 6.000230 seconds.
  path: Assets/Prefab/World/Object/Wall.prefab
  artifactKey: Guid(6ecdc0883e8297949b9dc12663c68ac5) Importer(815301076,1909f56bfc062723c751e8b465ee728b)
Start importing Assets/Prefab/World/Object/Wall.prefab using Guid(6ecdc0883e8297949b9dc12663c68ac5) Importer(815301076,1909f56bfc062723c751e8b465ee728b)  -> (artifact id: 'bbee5e073328b34299c780eff2ced022') in 0.021371 seconds
Number of updated asset objects reloaded before import = 0
Number of asset objects unloaded after import = 11
========================================================================
Received Import Request.
  Time since last request: 6.657679 seconds.
  path: Assets/Prefab/World/Object/Wall.prefab
  artifactKey: Guid(6ecdc0883e8297949b9dc12663c68ac5) Importer(815301076,1909f56bfc062723c751e8b465ee728b)
Start importing Assets/Prefab/World/Object/Wall.prefab using Guid(6ecdc0883e8297949b9dc12663c68ac5) Importer(815301076,1909f56bfc062723c751e8b465ee728b)  -> (artifact id: '68d39ebadb42958832bf72e616e9ae8e') in 0.013184 seconds
Number of updated asset objects reloaded before import = 0
Number of asset objects unloaded after import = 11
========================================================================
Received Import Request.
  Time since last request: 6.445935 seconds.
  path: Assets/Prefab/World/Object/Wall.prefab
  artifactKey: Guid(6ecdc0883e8297949b9dc12663c68ac5) Importer(815301076,1909f56bfc062723c751e8b465ee728b)
Start importing Assets/Prefab/World/Object/Wall.prefab using Guid(6ecdc0883e8297949b9dc12663c68ac5) Importer(815301076,1909f56bfc062723c751e8b465ee728b)  -> (artifact id: 'f53e99f59f53fba0e3d45514f5255254') in 0.010784 seconds
Number of updated asset objects reloaded before import = 0
Number of asset objects unloaded after import = 11
========================================================================
Received Import Request.
  Time since last request: 4.237796 seconds.
  path: Assets/Prefab/World/Object/Wall.prefab
  artifactKey: Guid(6ecdc0883e8297949b9dc12663c68ac5) Importer(815301076,1909f56bfc062723c751e8b465ee728b)
Start importing Assets/Prefab/World/Object/Wall.prefab using Guid(6ecdc0883e8297949b9dc12663c68ac5) Importer(815301076,1909f56bfc062723c751e8b465ee728b)  -> (artifact id: 'b2fbfd6201a62daf6cd488a9d8d3d53e') in 0.008586 seconds
Number of updated asset objects reloaded before import = 0
Number of asset objects unloaded after import = 11
========================================================================
Received Import Request.
  Time since last request: 10.476793 seconds.
  path: Assets/Prefab/World/Object/Wall.prefab
  artifactKey: Guid(6ecdc0883e8297949b9dc12663c68ac5) Importer(815301076,1909f56bfc062723c751e8b465ee728b)
Start importing Assets/Prefab/World/Object/Wall.prefab using Guid(6ecdc0883e8297949b9dc12663c68ac5) Importer(815301076,1909f56bfc062723c751e8b465ee728b)  -> (artifact id: '82cc413811b308afbbefb2c7c3493328') in 0.013569 seconds
Number of updated asset objects reloaded before import = 0
Number of asset objects unloaded after import = 16
========================================================================
Received Import Request.
  Time since last request: 2.604912 seconds.
  path: Assets/Prefab/World/Object/Wall.prefab
  artifactKey: Guid(6ecdc0883e8297949b9dc12663c68ac5) Importer(815301076,1909f56bfc062723c751e8b465ee728b)
Start importing Assets/Prefab/World/Object/Wall.prefab using Guid(6ecdc0883e8297949b9dc12663c68ac5) Importer(815301076,1909f56bfc062723c751e8b465ee728b)  -> (artifact id: 'cc02f084edc25f517e74c0c36f784aa4') in 0.018848 seconds
Number of updated asset objects reloaded before import = 0
Number of asset objects unloaded after import = 16
========================================================================
Received Import Request.
  Time since last request: 39.981089 seconds.
  path: Assets/Prefab/World/Object/Wall.prefab
  artifactKey: Guid(6ecdc0883e8297949b9dc12663c68ac5) Importer(815301076,1909f56bfc062723c751e8b465ee728b)
Start importing Assets/Prefab/World/Object/Wall.prefab using Guid(6ecdc0883e8297949b9dc12663c68ac5) Importer(815301076,1909f56bfc062723c751e8b465ee728b)  -> (artifact id: '66a7779c98da181f07c63af58ffaa22f') in 0.014551 seconds
Number of updated asset objects reloaded before import = 0
Number of asset objects unloaded after import = 16
========================================================================
Received Import Request.
  Time since last request: 42.763621 seconds.
  path: Assets/Prefab/World/Object/Wall.prefab
  artifactKey: Guid(6ecdc0883e8297949b9dc12663c68ac5) Importer(815301076,1909f56bfc062723c751e8b465ee728b)
Start importing Assets/Prefab/World/Object/Wall.prefab using Guid(6ecdc0883e8297949b9dc12663c68ac5) Importer(815301076,1909f56bfc062723c751e8b465ee728b)  -> (artifact id: '7c3ddfe20d3d517740350c8f0e681491') in 0.015473 seconds
Number of updated asset objects reloaded before import = 0
Number of asset objects unloaded after import = 16
========================================================================
Received Import Request.
  Time since last request: 3.608283 seconds.
  path: Assets/Prefab/World/Object/Wall.prefab
  artifactKey: Guid(6ecdc0883e8297949b9dc12663c68ac5) Importer(815301076,1909f56bfc062723c751e8b465ee728b)
Start importing Assets/Prefab/World/Object/Wall.prefab using Guid(6ecdc0883e8297949b9dc12663c68ac5) Importer(815301076,1909f56bfc062723c751e8b465ee728b)  -> (artifact id: '5ac54c15d19f0e1f74f418744bdc0376') in 0.007841 seconds
Number of updated asset objects reloaded before import = 0
Number of asset objects unloaded after import = 16
========================================================================
Received Import Request.
  Time since last request: 7.050632 seconds.
  path: Assets/Prefab/World/Object/Wall.prefab
  artifactKey: Guid(6ecdc0883e8297949b9dc12663c68ac5) Importer(815301076,1909f56bfc062723c751e8b465ee728b)
Start importing Assets/Prefab/World/Object/Wall.prefab using Guid(6ecdc0883e8297949b9dc12663c68ac5) Importer(815301076,1909f56bfc062723c751e8b465ee728b)  -> (artifact id: 'c33aa3918a0bbcee9114ae59b8a2e63a') in 0.015245 seconds
Number of updated asset objects reloaded before import = 0
Number of asset objects unloaded after import = 16
========================================================================
Received Import Request.
  Time since last request: 4.468869 seconds.
  path: Assets/Prefab/World/Object/Wall.prefab
  artifactKey: Guid(6ecdc0883e8297949b9dc12663c68ac5) Importer(815301076,1909f56bfc062723c751e8b465ee728b)
Start importing Assets/Prefab/World/Object/Wall.prefab using Guid(6ecdc0883e8297949b9dc12663c68ac5) Importer(815301076,1909f56bfc062723c751e8b465ee728b)  -> (artifact id: 'cdee97fb29813313697f2a44974a4205') in 0.014448 seconds
Number of updated asset objects reloaded before import = 0
Number of asset objects unloaded after import = 16
========================================================================
Received Import Request.
  Time since last request: 21.173229 seconds.
  path: Assets/Prefab/World/Object/Wall.prefab
  artifactKey: Guid(6ecdc0883e8297949b9dc12663c68ac5) Importer(815301076,1909f56bfc062723c751e8b465ee728b)
Start importing Assets/Prefab/World/Object/Wall.prefab using Guid(6ecdc0883e8297949b9dc12663c68ac5) Importer(815301076,1909f56bfc062723c751e8b465ee728b)  -> (artifact id: 'da97f94fdc5ce6a1061e3043aa51e160') in 0.014909 seconds
Number of updated asset objects reloaded before import = 0
Number of asset objects unloaded after import = 16
========================================================================
Received Import Request.
  Time since last request: 7.908214 seconds.
  path: Assets/Prefab/World/Object/Wall.prefab
  artifactKey: Guid(6ecdc0883e8297949b9dc12663c68ac5) Importer(815301076,1909f56bfc062723c751e8b465ee728b)
Start importing Assets/Prefab/World/Object/Wall.prefab using Guid(6ecdc0883e8297949b9dc12663c68ac5) Importer(815301076,1909f56bfc062723c751e8b465ee728b)  -> (artifact id: 'dc0080b1858d7e5eafe386faa3b452b3') in 0.018999 seconds
Number of updated asset objects reloaded before import = 0
Number of asset objects unloaded after import = 16
========================================================================
Received Import Request.
  Time since last request: 16.715646 seconds.
  path: Assets/Prefab/World/Object/Wall.prefab
  artifactKey: Guid(6ecdc0883e8297949b9dc12663c68ac5) Importer(815301076,1909f56bfc062723c751e8b465ee728b)
Start importing Assets/Prefab/World/Object/Wall.prefab using Guid(6ecdc0883e8297949b9dc12663c68ac5) Importer(815301076,1909f56bfc062723c751e8b465ee728b)  -> (artifact id: '73ff41b49dbf9af4189f13858a09c49f') in 0.019170 seconds
Number of updated asset objects reloaded before import = 0
Number of asset objects unloaded after import = 16
========================================================================
Received Import Request.
  Time since last request: 21.961641 seconds.
  path: Assets/Prefab/World/Object/Wall.prefab
  artifactKey: Guid(6ecdc0883e8297949b9dc12663c68ac5) Importer(815301076,1909f56bfc062723c751e8b465ee728b)
Start importing Assets/Prefab/World/Object/Wall.prefab using Guid(6ecdc0883e8297949b9dc12663c68ac5) Importer(815301076,1909f56bfc062723c751e8b465ee728b)  -> (artifact id: 'a839fe404a7701582b14d9339e65c570') in 0.013334 seconds
Number of updated asset objects reloaded before import = 0
Number of asset objects unloaded after import = 16
========================================================================
Received Import Request.
  Time since last request: 22.565030 seconds.
  path: Assets/Prefab/World/Object/Wall.prefab
  artifactKey: Guid(6ecdc0883e8297949b9dc12663c68ac5) Importer(815301076,1909f56bfc062723c751e8b465ee728b)
Start importing Assets/Prefab/World/Object/Wall.prefab using Guid(6ecdc0883e8297949b9dc12663c68ac5) Importer(815301076,1909f56bfc062723c751e8b465ee728b)  -> (artifact id: '2af923ea6f87d86442fa5e176fbbde4f') in 0.016618 seconds
Number of updated asset objects reloaded before import = 0
Number of asset objects unloaded after import = 16
========================================================================
Received Import Request.
  Time since last request: 4.599173 seconds.
  path: Assets/Prefab/World/Object/Wall.prefab
  artifactKey: Guid(6ecdc0883e8297949b9dc12663c68ac5) Importer(815301076,1909f56bfc062723c751e8b465ee728b)
Start importing Assets/Prefab/World/Object/Wall.prefab using Guid(6ecdc0883e8297949b9dc12663c68ac5) Importer(815301076,1909f56bfc062723c751e8b465ee728b)  -> (artifact id: '86d9f219fb57d39db2a90edf8a9f42d1') in 0.011112 seconds
Number of updated asset objects reloaded before import = 0
Number of asset objects unloaded after import = 16
========================================================================
Received Import Request.
  Time since last request: 11.922222 seconds.
  path: Assets/Prefab/World/Object/Wall.prefab
  artifactKey: Guid(6ecdc0883e8297949b9dc12663c68ac5) Importer(815301076,1909f56bfc062723c751e8b465ee728b)
Start importing Assets/Prefab/World/Object/Wall.prefab using Guid(6ecdc0883e8297949b9dc12663c68ac5) Importer(815301076,1909f56bfc062723c751e8b465ee728b)  -> (artifact id: 'd38f133a58ed1688ee183db54148f187') in 0.007764 seconds
Number of updated asset objects reloaded before import = 0
Number of asset objects unloaded after import = 16
========================================================================
Received Import Request.
  Time since last request: 6.624480 seconds.
  path: Assets/Prefab/World/Object/Wall.prefab
  artifactKey: Guid(6ecdc0883e8297949b9dc12663c68ac5) Importer(815301076,1909f56bfc062723c751e8b465ee728b)
Start importing Assets/Prefab/World/Object/Wall.prefab using Guid(6ecdc0883e8297949b9dc12663c68ac5) Importer(815301076,1909f56bfc062723c751e8b465ee728b)  -> (artifact id: 'e4642672bb11f7c7274431a4769ebfe2') in 0.013158 seconds
Number of updated asset objects reloaded before import = 0
Number of asset objects unloaded after import = 16
========================================================================
Received Import Request.
  Time since last request: 2.597278 seconds.
  path: Assets/Prefab/World/Object/Wall.prefab
  artifactKey: Guid(6ecdc0883e8297949b9dc12663c68ac5) Importer(815301076,1909f56bfc062723c751e8b465ee728b)
Start importing Assets/Prefab/World/Object/Wall.prefab using Guid(6ecdc0883e8297949b9dc12663c68ac5) Importer(815301076,1909f56bfc062723c751e8b465ee728b)  -> (artifact id: '1d0df3aa2583d66012cf21f2c6a33648') in 0.011184 seconds
Number of updated asset objects reloaded before import = 0
Number of asset objects unloaded after import = 16
========================================================================
Received Import Request.
  Time since last request: 3.626784 seconds.
  path: Assets/Prefab/World/Object/Wall.prefab
  artifactKey: Guid(6ecdc0883e8297949b9dc12663c68ac5) Importer(815301076,1909f56bfc062723c751e8b465ee728b)
Start importing Assets/Prefab/World/Object/Wall.prefab using Guid(6ecdc0883e8297949b9dc12663c68ac5) Importer(815301076,1909f56bfc062723c751e8b465ee728b)  -> (artifact id: 'c43857e065ab3a196c282e7d6e55f833') in 0.013702 seconds
Number of updated asset objects reloaded before import = 0
Number of asset objects unloaded after import = 16
========================================================================
Received Import Request.
  Time since last request: 3.816013 seconds.
  path: Assets/Prefab/World/Object/Wall.prefab
  artifactKey: Guid(6ecdc0883e8297949b9dc12663c68ac5) Importer(815301076,1909f56bfc062723c751e8b465ee728b)
Start importing Assets/Prefab/World/Object/Wall.prefab using Guid(6ecdc0883e8297949b9dc12663c68ac5) Importer(815301076,1909f56bfc062723c751e8b465ee728b)  -> (artifact id: 'f866b80730e96200aebfd6a70e480458') in 0.013613 seconds
Number of updated asset objects reloaded before import = 0
Number of asset objects unloaded after import = 16
========================================================================
Received Import Request.
  Time since last request: 3.236139 seconds.
  path: Assets/Prefab/World/Object/Wall.prefab
  artifactKey: Guid(6ecdc0883e8297949b9dc12663c68ac5) Importer(815301076,1909f56bfc062723c751e8b465ee728b)
Start importing Assets/Prefab/World/Object/Wall.prefab using Guid(6ecdc0883e8297949b9dc12663c68ac5) Importer(815301076,1909f56bfc062723c751e8b465ee728b)  -> (artifact id: '3668ab444621d98e4c6ad8b5f4491784') in 0.015071 seconds
Number of updated asset objects reloaded before import = 0
Number of asset objects unloaded after import = 16
========================================================================
Received Import Request.
  Time since last request: 2.610955 seconds.
  path: Assets/Prefab/World/Object/Wall.prefab
  artifactKey: Guid(6ecdc0883e8297949b9dc12663c68ac5) Importer(815301076,1909f56bfc062723c751e8b465ee728b)
Start importing Assets/Prefab/World/Object/Wall.prefab using Guid(6ecdc0883e8297949b9dc12663c68ac5) Importer(815301076,1909f56bfc062723c751e8b465ee728b)  -> (artifact id: '8bc784c3b8690bdb95765c241985c1a3') in 0.015522 seconds
Number of updated asset objects reloaded before import = 0
Number of asset objects unloaded after import = 16
========================================================================
Received Import Request.
  Time since last request: 8.292055 seconds.
  path: Assets/Prefab/World/Object/Wall.prefab
  artifactKey: Guid(6ecdc0883e8297949b9dc12663c68ac5) Importer(815301076,1909f56bfc062723c751e8b465ee728b)
Start importing Assets/Prefab/World/Object/Wall.prefab using Guid(6ecdc0883e8297949b9dc12663c68ac5) Importer(815301076,1909f56bfc062723c751e8b465ee728b)  -> (artifact id: '6716a6c607cede459fd8d6f3d979a1bd') in 0.014913 seconds
Number of updated asset objects reloaded before import = 0
Number of asset objects unloaded after import = 16
========================================================================
Received Import Request.
  Time since last request: 6.294916 seconds.
  path: Assets/Prefab/World/Object/Wall.prefab
  artifactKey: Guid(6ecdc0883e8297949b9dc12663c68ac5) Importer(815301076,1909f56bfc062723c751e8b465ee728b)
Start importing Assets/Prefab/World/Object/Wall.prefab using Guid(6ecdc0883e8297949b9dc12663c68ac5) Importer(815301076,1909f56bfc062723c751e8b465ee728b)  -> (artifact id: 'b2561b85bae4a975b0fa9e24ae92b4b3') in 0.017656 seconds
Number of updated asset objects reloaded before import = 0
Number of asset objects unloaded after import = 16
========================================================================
Received Import Request.
  Time since last request: 6.466417 seconds.
  path: Assets/Prefab/World/Object/Wall.prefab
  artifactKey: Guid(6ecdc0883e8297949b9dc12663c68ac5) Importer(815301076,1909f56bfc062723c751e8b465ee728b)
Start importing Assets/Prefab/World/Object/Wall.prefab using Guid(6ecdc0883e8297949b9dc12663c68ac5) Importer(815301076,1909f56bfc062723c751e8b465ee728b)  -> (artifact id: '037ea5155315e3adb2b1564543e21ad7') in 0.014132 seconds
Number of updated asset objects reloaded before import = 0
Number of asset objects unloaded after import = 16
========================================================================
Received Import Request.
  Time since last request: 377.004717 seconds.
  path: Assets/Prefab/World/Object/Wall.prefab
  artifactKey: Guid(6ecdc0883e8297949b9dc12663c68ac5) Importer(815301076,1909f56bfc062723c751e8b465ee728b)
Start importing Assets/Prefab/World/Object/Wall.prefab using Guid(6ecdc0883e8297949b9dc12663c68ac5) Importer(815301076,1909f56bfc062723c751e8b465ee728b)  -> (artifact id: '30e408eda21b3facad8948e9a9b587e9') in 0.020163 seconds
Number of updated asset objects reloaded before import = 0
Number of asset objects unloaded after import = 24
========================================================================
Received Import Request.
  Time since last request: 389.932622 seconds.
  path: Assets/Scripts
  artifactKey: Guid(dd7c510cf50002a42a0a086a886c8a90) Importer(815301076,1909f56bfc062723c751e8b465ee728b)
Start importing Assets/Scripts using Guid(dd7c510cf50002a42a0a086a886c8a90) Importer(815301076,1909f56bfc062723c751e8b465ee728b)  -> (artifact id: '88d8b34c621f05e46757b287583f487c') in 0.001567 seconds
Number of updated asset objects reloaded before import = 0
Number of asset objects unloaded after import = 0
========================================================================
Received Import Request.
  Time since last request: 2041.103057 seconds.
  path: Assets/Prefab/World/Object/Wall.prefab
  artifactKey: Guid(6ecdc0883e8297949b9dc12663c68ac5) Importer(815301076,1909f56bfc062723c751e8b465ee728b)
Start importing Assets/Prefab/World/Object/Wall.prefab using Guid(6ecdc0883e8297949b9dc12663c68ac5) Importer(815301076,1909f56bfc062723c751e8b465ee728b)  -> (artifact id: '17aaccea3ad3015215a8a7f100a3c377') in 0.029598 seconds
Number of updated asset objects reloaded before import = 0
Number of asset objects unloaded after import = 29
